<?xml version="1.0" encoding="UTF-8"?>
<!-- Generated by org.testng.reporters.JUnitReportReporter -->
<testsuite hostname="DESKTOP-FNF69NB" name="com.div.proj.rough.TestClass" tests="1" failures="0" timestamp="1 Jun 2018 07:23:31 GMT" time="11.326" errors="0">
  <testcase name="doLogin" time="11.326" classname="com.div.proj.rough.TestClass"/>
</testsuite> <!-- com.div.proj.rough.TestClass -->
