<?xml version="1.0" encoding="UTF-8"?>
<!-- Generated by org.testng.reporters.JUnitReportReporter -->
<testsuite hostname="LAPTOP-9O8PPK85" name="com.div.proj.testcases.CartTotalAmountTest" tests="1" failures="0" timestamp="14 Aug 2021 14:30:23 GMT" time="15.845" errors="0">
  <testcase name="CartTotalAmountTest" time="15.845" classname="com.div.proj.testcases.CartTotalAmountTest"/>
</testsuite> <!-- com.div.proj.testcases.CartTotalAmountTest -->
