<?xml version="1.0" encoding="UTF-8"?>
<!-- Generated by org.testng.reporters.JUnitReportReporter -->
<testsuite hostname="LAPTOP-9O8PPK85" name="com.div.proj.testcases.ContactPageSubmitTest" tests="1" failures="0" timestamp="14 Aug 2021 14:30:23 GMT" time="25.625" errors="0">
  <testcase name="ContactPageSubmitTest" time="25.625" classname="com.div.proj.testcases.ContactPageSubmitTest"/>
</testsuite> <!-- com.div.proj.testcases.ContactPageSubmitTest -->
