<?xml version="1.0" encoding="UTF-8"?>
<!-- Generated by org.testng.reporters.JUnitReportReporter -->
<testsuite hostname="LAPTOP-9O8PPK85" name="com.div.proj.testcases.ValidateMandatoryFieldsContactTest" tests="1" failures="0" timestamp="14 Aug 2021 14:30:23 GMT" time="197.156" errors="0">
  <testcase name="validateMandatoryFieldsContactTest" time="197.156" classname="com.div.proj.testcases.ValidateMandatoryFieldsContactTest"/>
</testsuite> <!-- com.div.proj.testcases.ValidateMandatoryFieldsContactTest -->
