<?xml version="1.0" encoding="UTF-8"?>
<!-- Generated by org.testng.reporters.JUnitReportReporter -->
<testsuite hostname="LAPTOP-9O8PPK85" name="com.div.proj.testcases.ShopAddToCartTest" tests="1" failures="0" timestamp="14 Aug 2021 15:32:28 GMT" time="15.198" errors="0">
  <testcase name="ShopAddToCartTest" time="15.198" classname="com.div.proj.testcases.ShopAddToCartTest"/>
</testsuite> <!-- com.div.proj.testcases.ShopAddToCartTest -->
