<?xml version="1.0" encoding="UTF-8"?>
<!-- Generated by org.testng.reporters.JUnitReportReporter -->
<testsuite skipped="0" hostname="LAPTOP-9O8PPK85" name="com.div.proj.testcases.CartTotalAmountTest" tests="1" failures="0" timestamp="2021-08-15T02:27:54 AEST" time="18.288" errors="0">
  <testcase name="CartTotalAmountTest" time="18.288" classname="com.div.proj.testcases.CartTotalAmountTest"/>
  <system-out/>
</testsuite> <!-- com.div.proj.testcases.CartTotalAmountTest -->
