<?xml version="1.0" encoding="UTF-8"?>
<!-- Generated by org.testng.reporters.JUnitReportReporter -->
<testsuite skipped="0" hostname="LAPTOP-9O8PPK85" name="com.div.proj.testcases.ContactPageSubmitTest" tests="5" failures="0" timestamp="2021-08-15T22:43:56 AEST" time="248.193" errors="0">
  <testcase name="ContactPageSubmitTest" time="27.656" classname="com.div.proj.testcases.ContactPageSubmitTest"/>
  <system-out/>
  <testcase name="ContactPageSubmitTest" time="32.648" classname="com.div.proj.testcases.ContactPageSubmitTest"/>
  <system-out/>
  <testcase name="ContactPageSubmitTest" time="121.402" classname="com.div.proj.testcases.ContactPageSubmitTest"/>
  <system-out/>
  <testcase name="ContactPageSubmitTest" time="35.167" classname="com.div.proj.testcases.ContactPageSubmitTest"/>
  <system-out/>
  <testcase name="ContactPageSubmitTest" time="31.320" classname="com.div.proj.testcases.ContactPageSubmitTest"/>
  <system-out/>
</testsuite> <!-- com.div.proj.testcases.ContactPageSubmitTest -->
