<?xml version="1.0" encoding="UTF-8"?>
<!-- Generated by org.testng.reporters.JUnitReportReporter -->
<testsuite skipped="0" hostname="LAPTOP-9O8PPK85" name="com.div.proj.testcases.ContactPageSubmitTest" tests="5" failures="0" timestamp="2021-08-15T02:27:54 AEST" time="244.897" errors="0">
  <testcase name="ContactPageSubmitTest" time="32.214" classname="com.div.proj.testcases.ContactPageSubmitTest"/>
  <system-out/>
  <testcase name="ContactPageSubmitTest" time="38.815" classname="com.div.proj.testcases.ContactPageSubmitTest"/>
  <system-out/>
  <testcase name="ContactPageSubmitTest" time="54.257" classname="com.div.proj.testcases.ContactPageSubmitTest"/>
  <system-out/>
  <testcase name="ContactPageSubmitTest" time="69.573" classname="com.div.proj.testcases.ContactPageSubmitTest"/>
  <system-out/>
  <testcase name="ContactPageSubmitTest" time="50.038" classname="com.div.proj.testcases.ContactPageSubmitTest"/>
  <system-out/>
</testsuite> <!-- com.div.proj.testcases.ContactPageSubmitTest -->
