<?xml version="1.0" encoding="UTF-8"?>
<!-- Generated by org.testng.reporters.JUnitReportReporter -->
<testsuite skipped="0" hostname="LAPTOP-9O8PPK85" name="com.div.proj.testcases.ContactPageSubmitTest" tests="5" failures="0" timestamp="2021-08-15T17:00:30 AEST" time="140.600" errors="0">
  <testcase name="ContactPageSubmitTest" time="28.710" classname="com.div.proj.testcases.ContactPageSubmitTest"/>
  <system-out/>
  <testcase name="ContactPageSubmitTest" time="21.401" classname="com.div.proj.testcases.ContactPageSubmitTest"/>
  <system-out/>
  <testcase name="ContactPageSubmitTest" time="45.574" classname="com.div.proj.testcases.ContactPageSubmitTest"/>
  <system-out/>
  <testcase name="ContactPageSubmitTest" time="25.604" classname="com.div.proj.testcases.ContactPageSubmitTest"/>
  <system-out/>
  <testcase name="ContactPageSubmitTest" time="19.311" classname="com.div.proj.testcases.ContactPageSubmitTest"/>
  <system-out/>
</testsuite> <!-- com.div.proj.testcases.ContactPageSubmitTest -->
