<?xml version="1.0" encoding="UTF-8"?>
<!-- Generated by org.testng.reporters.JUnitReportReporter -->
<testsuite skipped="0" hostname="LAPTOP-9O8PPK85" name="com.div.proj.testcases.ContactPageSubmitTest" tests="5" failures="0" timestamp="2021-08-16T00:26:01 AEST" time="189.453" errors="0">
  <testcase name="ContactPageSubmitTest" time="32.667" classname="com.div.proj.testcases.ContactPageSubmitTest"/>
  <system-out/>
  <testcase name="ContactPageSubmitTest" time="26.052" classname="com.div.proj.testcases.ContactPageSubmitTest"/>
  <system-out/>
  <testcase name="ContactPageSubmitTest" time="55.297" classname="com.div.proj.testcases.ContactPageSubmitTest"/>
  <system-out/>
  <testcase name="ContactPageSubmitTest" time="24.203" classname="com.div.proj.testcases.ContactPageSubmitTest"/>
  <system-out/>
  <testcase name="ContactPageSubmitTest" time="51.234" classname="com.div.proj.testcases.ContactPageSubmitTest"/>
  <system-out/>
</testsuite> <!-- com.div.proj.testcases.ContactPageSubmitTest -->
