<?xml version="1.0" encoding="UTF-8"?>
<!-- Generated by org.testng.reporters.JUnitReportReporter -->
<testsuite skipped="0" hostname="LAPTOP-9O8PPK85" name="com.w2a.zoho.testcases.ValidateMandatoryFieldsContactTest" tests="1" failures="0" timestamp="2021-08-15T01:26:11 AEST" time="202.029" errors="0">
  <testcase name="validateMandatoryFieldsContactTest" time="202.029" classname="com.w2a.zoho.testcases.ValidateMandatoryFieldsContactTest"/>
  <system-out/>
</testsuite> <!-- com.w2a.zoho.testcases.ValidateMandatoryFieldsContactTest -->
