<?xml version="1.0" encoding="UTF-8"?>
<!-- Generated by org.testng.reporters.JUnitReportReporter -->
<testsuite skipped="0" hostname="LAPTOP-9O8PPK85" name="com.div.proj.testcases.ValidateMandatoryFieldsContactTest" tests="1" failures="0" timestamp="2021-08-15T17:00:30 AEST" time="260.843" errors="0">
  <testcase name="validateMandatoryFieldsContactTest" time="260.843" classname="com.div.proj.testcases.ValidateMandatoryFieldsContactTest"/>
  <system-out/>
</testsuite> <!-- com.div.proj.testcases.ValidateMandatoryFieldsContactTest -->
