<?xml version="1.0" encoding="UTF-8"?>
<!-- Generated by org.testng.reporters.JUnitReportReporter -->
<testsuite skipped="0" hostname="LAPTOP-9O8PPK85" name="com.w2a.zoho.testcases.CartTotalAmountTest" tests="1" failures="0" timestamp="2021-08-15T01:26:11 AEST" time="15.104" errors="0">
  <testcase name="CartTotalAmountTest" time="15.104" classname="com.w2a.zoho.testcases.CartTotalAmountTest"/>
  <system-out/>
</testsuite> <!-- com.w2a.zoho.testcases.CartTotalAmountTest -->
