<?xml version="1.0" encoding="UTF-8"?>
<!-- Generated by org.testng.reporters.JUnitReportReporter -->
<testsuite skipped="0" hostname="LAPTOP-9O8PPK85" name="com.div.proj.testcases.ShopAddToCartTest" tests="1" failures="0" timestamp="2021-08-15T22:43:56 AEST" time="135.971" errors="0">
  <testcase name="ShopAddToCartTest" time="135.971" classname="com.div.proj.testcases.ShopAddToCartTest"/>
  <system-out/>
</testsuite> <!-- com.div.proj.testcases.ShopAddToCartTest -->
