<?xml version="1.0" encoding="UTF-8"?>
<!-- Generated by org.testng.reporters.JUnitReportReporter -->
<testsuite skipped="0" hostname="LAPTOP-9O8PPK85" name="com.w2a.zoho.testcases.ShopAddToCartTest" tests="5" failures="0" timestamp="2021-08-15T01:37:31 AEST" time="110.866" errors="0">
  <testcase name="ShopAddToCartTest" time="50.256" classname="com.w2a.zoho.testcases.ShopAddToCartTest"/>
  <system-out/>
  <testcase name="ShopAddToCartTest" time="13.860" classname="com.w2a.zoho.testcases.ShopAddToCartTest"/>
  <system-out/>
  <testcase name="ShopAddToCartTest" time="19.227" classname="com.w2a.zoho.testcases.ShopAddToCartTest"/>
  <system-out/>
  <testcase name="ShopAddToCartTest" time="13.512" classname="com.w2a.zoho.testcases.ShopAddToCartTest"/>
  <system-out/>
  <testcase name="ShopAddToCartTest" time="14.011" classname="com.w2a.zoho.testcases.ShopAddToCartTest"/>
  <system-out/>
</testsuite> <!-- com.w2a.zoho.testcases.ShopAddToCartTest -->
